<?xml version="1.0" encoding="UTF-8"?>
<robot generator="Robot 6.0.1 (Python 3.10.7 on win32)" generated="20221123 19:15:23.104" rpa="false" schemaversion="3">
<suite id="s1" name="gestion Iframe" source="c:\Users\Issam\Desktop\robotframework01\gestion Iframe.robot">
<test id="s1-t1" name="test gerer alerte" line="6">
<kw name="Open Browser" library="SeleniumLibrary">
<arg>https://www.selenium.dev/selenium/docs/api/java/index.html?overview-summary.html</arg>
<arg>gc</arg>
<doc>Opens a new browser instance to the optional ``url``.</doc>
<msg timestamp="20221123 19:15:23.320" level="INFO">Opening browser 'gc' to base url 'https://www.selenium.dev/selenium/docs/api/java/index.html?overview-summary.html'.</msg>
<status status="PASS" starttime="20221123 19:15:23.320" endtime="20221123 19:15:25.003"/>
</kw>
<kw name="Maximize Browser Window" library="SeleniumLibrary">
<doc>Maximizes current browser window.</doc>
<status status="PASS" starttime="20221123 19:15:25.003" endtime="20221123 19:15:25.125"/>
</kw>
<kw name="Sleep" library="BuiltIn">
<arg>2</arg>
<doc>Pauses the test executed for the given time.</doc>
<msg timestamp="20221123 19:15:27.129" level="INFO">Slept 2 seconds</msg>
<status status="PASS" starttime="20221123 19:15:25.125" endtime="20221123 19:15:27.129"/>
</kw>
<kw name="Select Frame" library="SeleniumLibrary">
<arg>//iframe[@title='All Packages']</arg>
<doc>Sets frame identified by ``locator`` as the current frame.</doc>
<msg timestamp="20221123 19:15:27.131" level="INFO">Selecting frame '//iframe[@title='All Packages']'.</msg>
<status status="PASS" starttime="20221123 19:15:27.131" endtime="20221123 19:15:27.151"/>
</kw>
<kw name="Click Link" library="SeleniumLibrary">
<arg>//a[normalize-space()='org.openqa.selenium']</arg>
<doc>Clicks a link identified by ``locator``.</doc>
<msg timestamp="20221123 19:15:27.151" level="INFO">Clicking link '//a[normalize-space()='org.openqa.selenium']'.</msg>
<status status="PASS" starttime="20221123 19:15:27.151" endtime="20221123 19:15:27.204"/>
</kw>
<kw name="Unselect Frame" library="SeleniumLibrary">
<doc>Sets the main frame as the current frame.</doc>
<status status="PASS" starttime="20221123 19:15:27.204" endtime="20221123 19:15:27.207"/>
</kw>
<kw name="Select Frame" library="SeleniumLibrary">
<arg>packageFrame</arg>
<doc>Sets frame identified by ``locator`` as the current frame.</doc>
<msg timestamp="20221123 19:15:27.209" level="INFO">Selecting frame 'packageFrame'.</msg>
<status status="PASS" starttime="20221123 19:15:27.207" endtime="20221123 19:15:27.300"/>
</kw>
<kw name="Click Link" library="SeleniumLibrary">
<arg>WebDriver</arg>
<doc>Clicks a link identified by ``locator``.</doc>
<msg timestamp="20221123 19:15:27.301" level="INFO">Clicking link 'WebDriver'.</msg>
<status status="PASS" starttime="20221123 19:15:27.300" endtime="20221123 19:15:27.358"/>
</kw>
<kw name="Unselect Frame" library="SeleniumLibrary">
<doc>Sets the main frame as the current frame.</doc>
<status status="PASS" starttime="20221123 19:15:27.359" endtime="20221123 19:15:27.363"/>
</kw>
<kw name="Select Frame" library="SeleniumLibrary">
<arg>name:classFrame</arg>
<doc>Sets frame identified by ``locator`` as the current frame.</doc>
<msg timestamp="20221123 19:15:27.364" level="INFO">Selecting frame 'name:classFrame'.</msg>
<status status="PASS" starttime="20221123 19:15:27.364" endtime="20221123 19:15:27.477"/>
</kw>
<kw name="Click Link" library="SeleniumLibrary">
<arg>Help</arg>
<doc>Clicks a link identified by ``locator``.</doc>
<msg timestamp="20221123 19:15:27.478" level="INFO">Clicking link 'Help'.</msg>
<status status="PASS" starttime="20221123 19:15:27.477" endtime="20221123 19:15:27.678"/>
</kw>
<kw name="Unselect Frame" library="SeleniumLibrary">
<doc>Sets the main frame as the current frame.</doc>
<status status="PASS" starttime="20221123 19:15:27.678" endtime="20221123 19:15:27.686"/>
</kw>
<kw name="Sleep" library="BuiltIn">
<arg>3</arg>
<doc>Pauses the test executed for the given time.</doc>
<msg timestamp="20221123 19:15:30.696" level="INFO">Slept 3 seconds</msg>
<status status="PASS" starttime="20221123 19:15:27.686" endtime="20221123 19:15:30.696"/>
</kw>
<kw name="Close All Browsers" library="SeleniumLibrary">
<doc>Closes all open browsers and resets the browser cache.</doc>
<status status="PASS" starttime="20221123 19:15:30.697" endtime="20221123 19:15:32.834"/>
</kw>
<status status="PASS" starttime="20221123 19:15:23.319" endtime="20221123 19:15:32.837"/>
</test>
<status status="PASS" starttime="20221123 19:15:23.110" endtime="20221123 19:15:32.839"/>
</suite>
<statistics>
<total>
<stat pass="1" fail="0" skip="0">All Tests</stat>
</total>
<tag>
</tag>
<suite>
<stat pass="1" fail="0" skip="0" id="s1" name="gestion Iframe">gestion Iframe</stat>
</suite>
</statistics>
<errors>
</errors>
</robot>
